Determining if the Q_WS_WIN exist failed with the following output:
Change Dir: /home/alberic/CPP/doom/doom/build/CMakeFiles/CMakeTmp

Run Build Command:/usr/bin/make "cmTryCompileExec2444209874/fast"
/usr/bin/make -f CMakeFiles/cmTryCompileExec2444209874.dir/build.make CMakeFiles/cmTryCompileExec2444209874.dir/build
make[1]: Entering directory `/home/alberic/CPP/doom/doom/build/CMakeFiles/CMakeTmp'
/usr/bin/cmake -E cmake_progress_report /home/alberic/CPP/doom/doom/build/CMakeFiles/CMakeTmp/CMakeFiles 1
Building CXX object CMakeFiles/cmTryCompileExec2444209874.dir/CheckSymbolExists.cxx.o
/usr/bin/c++    -I/usr/include/qt4    -o CMakeFiles/cmTryCompileExec2444209874.dir/CheckSymbolExists.cxx.o -c /home/alberic/CPP/doom/doom/build/CMakeFiles/CMakeTmp/CheckSymbolExists.cxx
/home/alberic/CPP/doom/doom/build/CMakeFiles/CMakeTmp/CheckSymbolExists.cxx: In function ‘int main(int, char**)’:
/home/alberic/CPP/doom/doom/build/CMakeFiles/CMakeTmp/CheckSymbolExists.cxx:8:19: error: ‘Q_WS_WIN’ was not declared in this scope
   return ((int*)(&Q_WS_WIN))[argc];
                   ^
make[1]: Leaving directory `/home/alberic/CPP/doom/doom/build/CMakeFiles/CMakeTmp'
make[1]: *** [CMakeFiles/cmTryCompileExec2444209874.dir/CheckSymbolExists.cxx.o] Error 1
make: *** [cmTryCompileExec2444209874/fast] Error 2

File /home/alberic/CPP/doom/doom/build/CMakeFiles/CMakeTmp/CheckSymbolExists.cxx:
/* */
#include <QtCore/qglobal.h>

int main(int argc, char** argv)
{
  (void)argv;
#ifndef Q_WS_WIN
  return ((int*)(&Q_WS_WIN))[argc];
#else
  (void)argc;
  return 0;
#endif
}

Determining if the Q_WS_QWS exist failed with the following output:
Change Dir: /home/alberic/CPP/doom/doom/build/CMakeFiles/CMakeTmp

Run Build Command:/usr/bin/make "cmTryCompileExec715339169/fast"
/usr/bin/make -f CMakeFiles/cmTryCompileExec715339169.dir/build.make CMakeFiles/cmTryCompileExec715339169.dir/build
make[1]: Entering directory `/home/alberic/CPP/doom/doom/build/CMakeFiles/CMakeTmp'
/usr/bin/cmake -E cmake_progress_report /home/alberic/CPP/doom/doom/build/CMakeFiles/CMakeTmp/CMakeFiles 1
Building CXX object CMakeFiles/cmTryCompileExec715339169.dir/CheckSymbolExists.cxx.o
/usr/bin/c++    -I/usr/include/qt4    -o CMakeFiles/cmTryCompileExec715339169.dir/CheckSymbolExists.cxx.o -c /home/alberic/CPP/doom/doom/build/CMakeFiles/CMakeTmp/CheckSymbolExists.cxx
/home/alberic/CPP/doom/doom/build/CMakeFiles/CMakeTmp/CheckSymbolExists.cxx: In function ‘int main(int, char**)’:
/home/alberic/CPP/doom/doom/build/CMakeFiles/CMakeTmp/CheckSymbolExists.cxx:8:19: error: ‘Q_WS_QWS’ was not declared in this scope
   return ((int*)(&Q_WS_QWS))[argc];
                   ^
make[1]: Leaving directory `/home/alberic/CPP/doom/doom/build/CMakeFiles/CMakeTmp'
make[1]: *** [CMakeFiles/cmTryCompileExec715339169.dir/CheckSymbolExists.cxx.o] Error 1
make: *** [cmTryCompileExec715339169/fast] Error 2

File /home/alberic/CPP/doom/doom/build/CMakeFiles/CMakeTmp/CheckSymbolExists.cxx:
/* */
#include <QtCore/qglobal.h>

int main(int argc, char** argv)
{
  (void)argv;
#ifndef Q_WS_QWS
  return ((int*)(&Q_WS_QWS))[argc];
#else
  (void)argc;
  return 0;
#endif
}

Determining if the Q_WS_MAC exist failed with the following output:
Change Dir: /home/alberic/CPP/doom/doom/build/CMakeFiles/CMakeTmp

Run Build Command:/usr/bin/make "cmTryCompileExec3322553451/fast"
/usr/bin/make -f CMakeFiles/cmTryCompileExec3322553451.dir/build.make CMakeFiles/cmTryCompileExec3322553451.dir/build
make[1]: Entering directory `/home/alberic/CPP/doom/doom/build/CMakeFiles/CMakeTmp'
/usr/bin/cmake -E cmake_progress_report /home/alberic/CPP/doom/doom/build/CMakeFiles/CMakeTmp/CMakeFiles 1
Building CXX object CMakeFiles/cmTryCompileExec3322553451.dir/CheckSymbolExists.cxx.o
/usr/bin/c++    -I/usr/include/qt4    -o CMakeFiles/cmTryCompileExec3322553451.dir/CheckSymbolExists.cxx.o -c /home/alberic/CPP/doom/doom/build/CMakeFiles/CMakeTmp/CheckSymbolExists.cxx
/home/alberic/CPP/doom/doom/build/CMakeFiles/CMakeTmp/CheckSymbolExists.cxx: In function ‘int main(int, char**)’:
/home/alberic/CPP/doom/doom/build/CMakeFiles/CMakeTmp/CheckSymbolExists.cxx:8:19: error: ‘Q_WS_MAC’ was not declared in this scope
   return ((int*)(&Q_WS_MAC))[argc];
                   ^
make[1]: *** [CMakeFiles/cmTryCompileExec3322553451.dir/CheckSymbolExists.cxx.o] Error 1
make[1]: Leaving directory `/home/alberic/CPP/doom/doom/build/CMakeFiles/CMakeTmp'
make: *** [cmTryCompileExec3322553451/fast] Error 2

File /home/alberic/CPP/doom/doom/build/CMakeFiles/CMakeTmp/CheckSymbolExists.cxx:
/* */
#include <QtCore/qglobal.h>

int main(int argc, char** argv)
{
  (void)argv;
#ifndef Q_WS_MAC
  return ((int*)(&Q_WS_MAC))[argc];
#else
  (void)argc;
  return 0;
#endif
}

